Arguments: 
  /usr/local/bin/node /opt/yarn-v1.13.0/bin/yarn.js dev

PATH: 
  /usr/local/sbin:/usr/local/bin:/usr/sbin:/usr/bin:/sbin:/bin

Yarn version: 
  1.13.0

Node version: 
  10.15.3

Platform: 
  linux x64

Trace: 
  SyntaxError: /app/package.json: Unexpected token } in JSON at position 290
      at JSON.parse (<anonymous>)
      at /opt/yarn-v1.13.0/lib/cli.js:1625:59
      at Generator.next (<anonymous>)
      at step (/opt/yarn-v1.13.0/lib/cli.js:304:30)
      at /opt/yarn-v1.13.0/lib/cli.js:315:13

npm manifest: 
  {
    "name": "adonis-fullstack-app",
    "version": "4.1.0",
    "adonis-version": "4.1.0",
    "description": "The fullstack application boilerplate for Adonisjs",
    "main": "index.js",
    "scripts": {
      "start": "node server.js",
      "test": "node ace test",
      "dev": "adonis serve --dev",
    },
    "keywords": [
      "adonisjs",
      "adonis-app"
    ],
    "author": "",
    "license": "UNLICENSED",
    "private": true,
    "dependencies": {
      "@adonisjs/ace": "^5.0.8",
      "@adonisjs/auth": "^3.0.7",
      "@adonisjs/bodyparser": "^2.0.5",
      "@adonisjs/cors": "^1.0.7",
      "@adonisjs/fold": "^4.0.9",
      "@adonisjs/framework": "^5.0.9",
      "@adonisjs/ignitor": "^2.0.8",
      "@adonisjs/lucid": "^6.1.3",
      "@adonisjs/session": "^1.0.27",
      "@adonisjs/shield": "^1.0.8",
      "uuid": "^3.3.2"
    },
    "devDependencies": {
      "@adonisjs/cli": "^4.0.12"
    },
    "autoload": {
      "App": "./app"
    }
  }

yarn manifest: 
  No manifest

Lockfile: 
  No lockfile
